0 info it worked if it ends with ok
1 verbose cli [ 'C:\\Program Files\\nodejs\\node.exe',
1 verbose cli   'C:\\Program Files\\nodejs\\node_modules\\npm\\bin\\npm-cli.js',
1 verbose cli   'install',
1 verbose cli   'gulp-less',
1 verbose cli   '--save',
1 verbose cli   'dev' ]
2 info using npm@3.10.10
3 info using node@v6.10.1
4 silly loadCurrentTree Starting
5 silly install loadCurrentTree
6 silly install readLocalPackageData
7 silly fetchPackageMetaData gulp-less@^3.3.0
8 silly fetchPackageMetaData dev
9 silly fetchNamedPackageData gulp-less
10 silly mapToRegistry name gulp-less
11 silly mapToRegistry using default registry
12 silly mapToRegistry registry https://registry.npmjs.org/
13 silly mapToRegistry data Result {
13 silly mapToRegistry   raw: 'gulp-less',
13 silly mapToRegistry   scope: null,
13 silly mapToRegistry   escapedName: 'gulp-less',
13 silly mapToRegistry   name: 'gulp-less',
13 silly mapToRegistry   rawSpec: '',
13 silly mapToRegistry   spec: 'latest',
13 silly mapToRegistry   type: 'tag' }
14 silly mapToRegistry uri https://registry.npmjs.org/gulp-less
15 silly fetchNamedPackageData dev
16 silly mapToRegistry name dev
17 silly mapToRegistry using default registry
18 silly mapToRegistry registry https://registry.npmjs.org/
19 silly mapToRegistry data Result {
19 silly mapToRegistry   raw: 'dev',
19 silly mapToRegistry   scope: null,
19 silly mapToRegistry   escapedName: 'dev',
19 silly mapToRegistry   name: 'dev',
19 silly mapToRegistry   rawSpec: '',
19 silly mapToRegistry   spec: 'latest',
19 silly mapToRegistry   type: 'tag' }
20 silly mapToRegistry uri https://registry.npmjs.org/dev
21 verbose request uri https://registry.npmjs.org/dev
22 verbose request no auth needed
23 info attempt registry request try #1 at 1:58:26 PM
24 verbose request id 69699038a5c3ddfb
25 http request GET https://registry.npmjs.org/dev
26 verbose request uri https://registry.npmjs.org/gulp-less
27 verbose request no auth needed
28 info attempt registry request try #1 at 1:58:26 PM
29 verbose etag W/"590d975e-e465"
30 verbose lastModified Sat, 06 May 2017 09:29:02 GMT
31 http request GET https://registry.npmjs.org/gulp-less
32 http 304 https://registry.npmjs.org/gulp-less
33 verbose headers { date: 'Tue, 09 May 2017 10:59:15 GMT',
33 verbose headers   via: '1.1 varnish',
33 verbose headers   'cache-control': 'max-age=300',
33 verbose headers   etag: 'W/"590d975e-e465"',
33 verbose headers   age: '244',
33 verbose headers   connection: 'keep-alive',
33 verbose headers   'x-served-by': 'cache-hhn1538-HHN',
33 verbose headers   'x-cache': 'HIT',
33 verbose headers   'x-cache-hits': '1',
33 verbose headers   'x-timer': 'S1494327556.556039,VS0,VE0',
33 verbose headers   vary: 'Accept-Encoding' }
34 silly get cb [ 304,
34 silly get   { date: 'Tue, 09 May 2017 10:59:15 GMT',
34 silly get     via: '1.1 varnish',
34 silly get     'cache-control': 'max-age=300',
34 silly get     etag: 'W/"590d975e-e465"',
34 silly get     age: '244',
34 silly get     connection: 'keep-alive',
34 silly get     'x-served-by': 'cache-hhn1538-HHN',
34 silly get     'x-cache': 'HIT',
34 silly get     'x-cache-hits': '1',
34 silly get     'x-timer': 'S1494327556.556039,VS0,VE0',
34 silly get     vary: 'Accept-Encoding' } ]
35 verbose etag https://registry.npmjs.org/gulp-less from cache
36 verbose get saving gulp-less to C:\Users\Irina\AppData\Roaming\npm-cache\registry.npmjs.org\gulp-less\.cache.json
37 verbose correctMkdir C:\Users\Irina\AppData\Roaming\npm-cache correctMkdir not in flight; initializing
38 http 200 https://registry.npmjs.org/dev
39 verbose headers { server: 'nginx/1.10.1',
39 verbose headers   'content-type': 'application/json',
39 verbose headers   'last-modified': 'Mon, 17 Oct 2016 16:12:14 GMT',
39 verbose headers   etag: 'W/"5804f85e-22be"',
39 verbose headers   'content-encoding': 'gzip',
39 verbose headers   'cache-control': 'max-age=300',
39 verbose headers   'content-length': '1252',
39 verbose headers   'accept-ranges': 'bytes',
39 verbose headers   date: 'Tue, 09 May 2017 10:59:15 GMT',
39 verbose headers   via: '1.1 varnish',
39 verbose headers   age: '0',
39 verbose headers   connection: 'keep-alive',
39 verbose headers   'x-served-by': 'cache-hhn1530-HHN',
39 verbose headers   'x-cache': 'MISS',
39 verbose headers   'x-cache-hits': '0',
39 verbose headers   'x-timer': 'S1494327556.555317,VS0,VE2',
39 verbose headers   vary: 'Accept-Encoding' }
40 silly get cb [ 200,
40 silly get   { server: 'nginx/1.10.1',
40 silly get     'content-type': 'application/json',
40 silly get     'last-modified': 'Mon, 17 Oct 2016 16:12:14 GMT',
40 silly get     etag: 'W/"5804f85e-22be"',
40 silly get     'content-encoding': 'gzip',
40 silly get     'cache-control': 'max-age=300',
40 silly get     'content-length': '1252',
40 silly get     'accept-ranges': 'bytes',
40 silly get     date: 'Tue, 09 May 2017 10:59:15 GMT',
40 silly get     via: '1.1 varnish',
40 silly get     age: '0',
40 silly get     connection: 'keep-alive',
40 silly get     'x-served-by': 'cache-hhn1530-HHN',
40 silly get     'x-cache': 'MISS',
40 silly get     'x-cache-hits': '0',
40 silly get     'x-timer': 'S1494327556.555317,VS0,VE2',
40 silly get     vary: 'Accept-Encoding' } ]
41 verbose get saving dev to C:\Users\Irina\AppData\Roaming\npm-cache\registry.npmjs.org\dev\.cache.json
42 verbose correctMkdir C:\Users\Irina\AppData\Roaming\npm-cache correctMkdir not in flight; initializing
43 silly install normalizeTree
44 silly loadCurrentTree Finishing
45 silly loadIdealTree Starting
46 silly install loadIdealTree
47 silly cloneCurrentTree Starting
48 silly install cloneCurrentTreeToIdealTree
49 silly cloneCurrentTree Finishing
50 silly loadShrinkwrap Starting
51 silly install loadShrinkwrap
52 silly loadShrinkwrap Finishing
53 silly loadAllDepsIntoIdealTree Starting
54 silly install loadAllDepsIntoIdealTree
55 silly resolveWithNewModule gulp-less@3.3.0 checking installable status
56 silly cache add args [ 'gulp-less@^3.3.0', null ]
57 verbose cache add spec gulp-less@^3.3.0
58 silly resolveWithNewModule dev@0.1.3 checking installable status
59 silly cache add args [ 'dev', null ]
60 verbose cache add spec dev
61 silly cache add parsed spec Result {
61 silly cache add   raw: 'gulp-less@^3.3.0',
61 silly cache add   scope: null,
61 silly cache add   escapedName: 'gulp-less',
61 silly cache add   name: 'gulp-less',
61 silly cache add   rawSpec: '^3.3.0',
61 silly cache add   spec: '>=3.3.0 <4.0.0',
61 silly cache add   type: 'range' }
62 silly addNamed gulp-less@>=3.3.0 <4.0.0
63 verbose addNamed ">=3.3.0 <4.0.0" is a valid semver range for gulp-less
64 silly addNameRange { name: 'gulp-less', range: '>=3.3.0 <4.0.0', hasData: false }
65 silly mapToRegistry name gulp-less
66 silly mapToRegistry using default registry
67 silly mapToRegistry registry https://registry.npmjs.org/
68 silly mapToRegistry data Result {
68 silly mapToRegistry   raw: 'gulp-less',
68 silly mapToRegistry   scope: null,
68 silly mapToRegistry   escapedName: 'gulp-less',
68 silly mapToRegistry   name: 'gulp-less',
68 silly mapToRegistry   rawSpec: '',
68 silly mapToRegistry   spec: 'latest',
68 silly mapToRegistry   type: 'tag' }
69 silly mapToRegistry uri https://registry.npmjs.org/gulp-less
70 verbose addNameRange registry:https://registry.npmjs.org/gulp-less not in flight; fetching
71 silly cache add parsed spec Result {
71 silly cache add   raw: 'dev',
71 silly cache add   scope: null,
71 silly cache add   escapedName: 'dev',
71 silly cache add   name: 'dev',
71 silly cache add   rawSpec: '',
71 silly cache add   spec: 'latest',
71 silly cache add   type: 'tag' }
72 silly addNamed dev@latest
73 verbose addNamed "latest" is being treated as a dist-tag for dev
74 info addNameTag [ 'dev', 'latest' ]
75 silly mapToRegistry name dev
76 silly mapToRegistry using default registry
77 silly mapToRegistry registry https://registry.npmjs.org/
78 silly mapToRegistry data Result {
78 silly mapToRegistry   raw: 'dev',
78 silly mapToRegistry   scope: null,
78 silly mapToRegistry   escapedName: 'dev',
78 silly mapToRegistry   name: 'dev',
78 silly mapToRegistry   rawSpec: '',
78 silly mapToRegistry   spec: 'latest',
78 silly mapToRegistry   type: 'tag' }
79 silly mapToRegistry uri https://registry.npmjs.org/dev
80 verbose addNameTag registry:https://registry.npmjs.org/dev not in flight; fetching
81 verbose get https://registry.npmjs.org/gulp-less not expired, no request
82 silly addNameRange number 2 { name: 'gulp-less', range: '>=3.3.0 <4.0.0', hasData: true }
83 silly addNameRange versions [ 'gulp-less',
83 silly addNameRange   [ '0.0.0',
83 silly addNameRange     '0.0.1',
83 silly addNameRange     '0.0.2',
83 silly addNameRange     '0.0.3',
83 silly addNameRange     '1.0.1',
83 silly addNameRange     '1.0.0',
83 silly addNameRange     '1.0.2',
83 silly addNameRange     '1.1.0',
83 silly addNameRange     '1.1.1',
83 silly addNameRange     '1.1.3',
83 silly addNameRange     '1.1.4',
83 silly addNameRange     '1.1.5',
83 silly addNameRange     '1.1.6',
83 silly addNameRange     '1.1.7',
83 silly addNameRange     '1.1.8',
83 silly addNameRange     '1.1.10',
83 silly addNameRange     '1.2.0',
83 silly addNameRange     '1.2.1',
83 silly addNameRange     '1.2.2',
83 silly addNameRange     '1.2.3',
83 silly addNameRange     '1.2.4',
83 silly addNameRange     '1.3.0',
83 silly addNameRange     '1.3.1',
83 silly addNameRange     '1.3.2',
83 silly addNameRange     '1.3.3',
83 silly addNameRange     '1.3.4',
83 silly addNameRange     '1.3.5',
83 silly addNameRange     '1.3.6',
83 silly addNameRange     '1.3.7',
83 silly addNameRange     '1.3.8',
83 silly addNameRange     '1.3.9',
83 silly addNameRange     '2.0.0',
83 silly addNameRange     '2.0.1',
83 silly addNameRange     '2.0.2',
83 silly addNameRange     '2.0.3',
83 silly addNameRange     '3.0.0',
83 silly addNameRange     '3.0.1',
83 silly addNameRange     '3.0.2',
83 silly addNameRange     '3.0.3',
83 silly addNameRange     '3.0.4',
83 silly addNameRange     '3.0.5',
83 silly addNameRange     '3.1.0',
83 silly addNameRange     '3.2.0',
83 silly addNameRange     '3.3.0' ] ]
84 silly addNamed gulp-less@3.3.0
85 verbose addNamed "3.3.0" is a plain semver version for gulp-less
86 verbose get https://registry.npmjs.org/dev not expired, no request
87 silly addNameTag next cb for dev with tag latest
88 silly addNamed dev@0.1.3
89 verbose addNamed "0.1.3" is a plain semver version for dev
90 silly mapToRegistry name dev
91 silly mapToRegistry using default registry
92 silly mapToRegistry registry https://registry.npmjs.org/
93 silly mapToRegistry data Result {
93 silly mapToRegistry   raw: 'dev',
93 silly mapToRegistry   scope: null,
93 silly mapToRegistry   escapedName: 'dev',
93 silly mapToRegistry   name: 'dev',
93 silly mapToRegistry   rawSpec: '',
93 silly mapToRegistry   spec: 'latest',
93 silly mapToRegistry   type: 'tag' }
94 silly mapToRegistry uri https://registry.npmjs.org/dev
95 verbose addRemoteTarball https://registry.npmjs.org/dev/-/dev-0.1.3.tgz not in flight; adding
96 verbose addRemoteTarball [ 'https://registry.npmjs.org/dev/-/dev-0.1.3.tgz',
96 verbose addRemoteTarball   '89fdc08705e0e7eaef92d012e26751e4d744322a' ]
97 silly cache afterAdd gulp-less@3.3.0
98 verbose afterAdd C:\Users\Irina\AppData\Roaming\npm-cache\gulp-less\3.3.0\package\package.json not in flight; writing
99 verbose correctMkdir C:\Users\Irina\AppData\Roaming\npm-cache correctMkdir not in flight; initializing
100 info retry fetch attempt 1 at 1:58:27 PM
101 info attempt registry request try #1 at 1:58:27 PM
102 http fetch GET https://registry.npmjs.org/dev/-/dev-0.1.3.tgz
103 verbose afterAdd C:\Users\Irina\AppData\Roaming\npm-cache\gulp-less\3.3.0\package\package.json written
104 http fetch 200 https://registry.npmjs.org/dev/-/dev-0.1.3.tgz
105 silly fetchAndShaCheck shasum 89fdc08705e0e7eaef92d012e26751e4d744322a
106 verbose addTmpTarball C:\Users\Irina\AppData\Local\Temp\npm-140944-a613a281\registry.npmjs.org\dev\-\dev-0.1.3.tgz not in flight; adding
107 verbose addTmpTarball already have metadata; skipping unpack for dev@0.1.3
108 verbose correctMkdir C:\Users\Irina\AppData\Roaming\npm-cache correctMkdir not in flight; initializing
109 silly cache afterAdd dev@0.1.3
110 verbose afterAdd C:\Users\Irina\AppData\Roaming\npm-cache\dev\0.1.3\package\package.json not in flight; writing
111 verbose correctMkdir C:\Users\Irina\AppData\Roaming\npm-cache correctMkdir not in flight; initializing
112 verbose afterAdd C:\Users\Irina\AppData\Roaming\npm-cache\dev\0.1.3\package\package.json written
113 silly fetchNamedPackageData inotify
114 silly mapToRegistry name inotify
115 silly mapToRegistry using default registry
116 silly mapToRegistry registry https://registry.npmjs.org/
117 silly mapToRegistry data Result {
117 silly mapToRegistry   raw: 'inotify',
117 silly mapToRegistry   scope: null,
117 silly mapToRegistry   escapedName: 'inotify',
117 silly mapToRegistry   name: 'inotify',
117 silly mapToRegistry   rawSpec: '',
117 silly mapToRegistry   spec: 'latest',
117 silly mapToRegistry   type: 'tag' }
118 silly mapToRegistry uri https://registry.npmjs.org/inotify
119 verbose request uri https://registry.npmjs.org/inotify
120 verbose request no auth needed
121 info attempt registry request try #1 at 1:58:28 PM
122 http request GET https://registry.npmjs.org/inotify
123 http 200 https://registry.npmjs.org/inotify
124 verbose headers { server: 'nginx/1.10.1',
124 verbose headers   'content-type': 'application/json',
124 verbose headers   'last-modified': 'Sun, 02 Apr 2017 19:23:48 GMT',
124 verbose headers   etag: 'W/"58e14fc4-721f"',
124 verbose headers   'content-encoding': 'gzip',
124 verbose headers   'cache-control': 'max-age=300',
124 verbose headers   'content-length': '5797',
124 verbose headers   'accept-ranges': 'bytes',
124 verbose headers   date: 'Tue, 09 May 2017 10:59:17 GMT',
124 verbose headers   via: '1.1 varnish',
124 verbose headers   age: '0',
124 verbose headers   connection: 'keep-alive',
124 verbose headers   'x-served-by': 'cache-hhn1538-HHN',
124 verbose headers   'x-cache': 'MISS',
124 verbose headers   'x-cache-hits': '0',
124 verbose headers   'x-timer': 'S1494327557.504585,VS0,VE1086',
124 verbose headers   vary: 'Accept-Encoding' }
125 silly get cb [ 200,
125 silly get   { server: 'nginx/1.10.1',
125 silly get     'content-type': 'application/json',
125 silly get     'last-modified': 'Sun, 02 Apr 2017 19:23:48 GMT',
125 silly get     etag: 'W/"58e14fc4-721f"',
125 silly get     'content-encoding': 'gzip',
125 silly get     'cache-control': 'max-age=300',
125 silly get     'content-length': '5797',
125 silly get     'accept-ranges': 'bytes',
125 silly get     date: 'Tue, 09 May 2017 10:59:17 GMT',
125 silly get     via: '1.1 varnish',
125 silly get     age: '0',
125 silly get     connection: 'keep-alive',
125 silly get     'x-served-by': 'cache-hhn1538-HHN',
125 silly get     'x-cache': 'MISS',
125 silly get     'x-cache-hits': '0',
125 silly get     'x-timer': 'S1494327557.504585,VS0,VE1086',
125 silly get     vary: 'Accept-Encoding' } ]
126 verbose get saving inotify to C:\Users\Irina\AppData\Roaming\npm-cache\registry.npmjs.org\inotify\.cache.json
127 verbose correctMkdir C:\Users\Irina\AppData\Roaming\npm-cache correctMkdir not in flight; initializing
128 silly resolveWithNewModule inotify@1.4.1 checking installable status
129 silly rollbackFailedOptional Starting
130 silly rollbackFailedOptional Finishing
131 silly runTopLevelLifecycles Finishing
132 silly install printInstalled
133 verbose stack Error: Unsupported platform for inotify@1.4.1: wanted {"name":"inotify","version":"1.4.1","author":{"name":"Camilo Aguilar","email":"camilo.aguilar@gmail.com"},"email":"camilo.aguilar@gmail.com","keywords":["inotify","watch","monitor","watch files","watch directories"],"license":"MIT","description":"inotify bindings for v8 javascript engine","repository":{"type":"git","url":"git+ssh://git@github.com/c4milo/node-inotify.git"},"os":["linux"],"engines":{"node":">=0.8"},"main":"inotify","dependencies":{"bindings":"^1.2.1","nan":"^2.3.3"},"scripts":{"test":"node-gyp configure build","install":"node-gyp rebuild"},"gypfile":true,"contributors":[{"name":"Adrian Estrada","email":"edsadr@gmail.com"},{"name":"Alexander Makarenko","email":"estliberitas@gmail.com"},{"name":"Brian Ingalls","email":"bingalls@compete.com"},{"name":"Brian White","email":"mscdex@mscdex.net"},{"name":"Camilo Aguilar","email":"camilo.aguilar@gmail.com"},{"name":"Dan VerWeire","email":"dverweire@gmail.com"},{"name":"FrozenCow","email":"frozencow@gmail.com"},{"name":"Michael Boe","email":"mschuylerb@gmail.com"},{"name":"Yannick Croissant","email":"k1der.country@free.fr"},{"name":"ikokostya","email":"ikokostya@gmail.com"}],"gitHead":"c1416dfada3ca4f3fb40e65eededc52461822ec5","bugs":{"url":"https://github.com/c4milo/node-inotify/issues"},"homepage":"https://github.com/c4milo/node-inotify#readme","_id":"inotify@1.4.1","_shasum":"8abdeb7ee9cbc291542a252df00d848b2a8f9287","_from":"inotify@>= 0.1.6","_npmVersion":"3.8.6","_nodeVersion":"5.11.0","_npmUser":{"name":"c4milo","email":"camilo.aguilar@gmail.com"},"maintainers":[{"name":"camilo","email":"camilo@cloudescape.com"},{"name":"c4milo","email":"camilo.aguilar@gmail.com"}],"dist":{"shasum":"8abdeb7ee9cbc291542a252df00d848b2a8f9287","tarball":"https://registry.npmjs.org/inotify/-/inotify-1.4.1.tgz"},"_npmOperationalInternal":{"host":"packages-16-east.internal.npmjs.com","tmp":"tmp/inotify-1.4.1.tgz_1462444544613_0.7660284182056785"},"directories":{},"_resolved":"https://registry.npmjs.org/inotify/-/inotify-1.4.1.tgz","_requested":{"raw":"inotify@>= 0.1.6","scope":null,"escapedName":"inotify","name":"inotify","rawSpec":">= 0.1.6","spec":">=0.1.6","type":"range"},"_spec":"inotify@>= 0.1.6","_where":"C:\\IRINA\\IT\\HTML_CSS\\Advanced\\maw\\node_modules\\dev","_args":[[{"raw":"inotify@>= 0.1.6","scope":null,"escapedName":"inotify","name":"inotify","rawSpec":">= 0.1.6","spec":">=0.1.6","type":"range"},"C:\\IRINA\\IT\\HTML_CSS\\Advanced\\maw\\node_modules\\dev"]],"readme":"ERROR: No README data found!"} (current: {"os":"win32","cpu":"x64"})
133 verbose stack     at checkPlatform (C:\Program Files\nodejs\node_modules\npm\node_modules\npm-install-checks\index.js:45:14)
133 verbose stack     at thenWarnEngineIssues (C:\Program Files\nodejs\node_modules\npm\lib\install\validate-args.js:41:5)
133 verbose stack     at C:\Program Files\nodejs\node_modules\npm\node_modules\iferr\index.js:13:50
133 verbose stack     at checkEngine (C:\Program Files\nodejs\node_modules\npm\node_modules\npm-install-checks\index.js:24:10)
133 verbose stack     at module.exports.isInstallable (C:\Program Files\nodejs\node_modules\npm\lib\install\validate-args.js:38:3)
133 verbose stack     at resolveWithNewModule (C:\Program Files\nodejs\node_modules\npm\lib\install\deps.js:511:10)
133 verbose stack     at C:\Program Files\nodejs\node_modules\npm\lib\install\deps.js:454:9
133 verbose stack     at C:\Program Files\nodejs\node_modules\npm\node_modules\iferr\index.js:13:50
133 verbose stack     at C:\Program Files\nodejs\node_modules\npm\lib\fetch-package-metadata.js:37:12
133 verbose stack     at addRequestedAndFinish (C:\Program Files\nodejs\node_modules\npm\lib\fetch-package-metadata.js:67:5)
134 verbose pkgid inotify@1.4.1
135 verbose cwd C:\IRINA\IT\HTML_CSS\Advanced\maw
136 error Windows_NT 10.0.14393
137 error argv "C:\\Program Files\\nodejs\\node.exe" "C:\\Program Files\\nodejs\\node_modules\\npm\\bin\\npm-cli.js" "install" "gulp-less" "--save" "dev"
138 error node v6.10.1
139 error npm  v3.10.10
140 error code EBADPLATFORM
141 error notsup Unsupported platform for inotify@1.4.1: wanted {"os":"linux","arch":"any"} (current: {"os":"win32","arch":"x64"})
142 error notsup Valid OS:    linux
142 error notsup Valid Arch:  any
142 error notsup Actual OS:   win32
142 error notsup Actual Arch: x64
143 verbose exit [ 1, true ]
